[  0.000000] Initializing cgroup subsys cpuset
[    0.000000] Initializing cgroup subsys cpu
[    0.000000] Initializing cgroup subsys cpuacct
[    0.000000] Linux version 4.4.0-137-generic (buildd@lgw01-amd64-037) (gcc version 5.4.0 20160609 (Ubuntu 5.4.0-6ubuntu1~16.04.10) ) #163-Ubuntu SMP Mon Sep 24 13:14:43 UTC 2018 (Ubuntu 4.4.0-137.163-generic 4.4.144)
[    0.000000] Command line: BOOT_IMAGE=/boot/vmlinuz-4.4.0-137-generic root=LABEL=cloudimg-rootfs ro console=tty1 console=ttyS0
[    0.000000] KERNEL supported cpus:
[    0.000000]   Intel GenuineIntel
[    0.000000]   AMD AuuthenticAMD
[    0.000000]   Centaur CentaurHauls
[    0.000000] x86/fpu: xstate_offset[2]:  576, xstate_sizes[2]:  256
[    0.000000] x86/fpu: Supporting XSAVE feature 0x01: 'x87 floating point registers'
[    0.000000] x86/fpu: Supporting XSAVE feature 0x02: 'SSE registers'
[    0.000000] x86/fpu: Supporting XSAVE feature 0x04: 'AVX registers'
[    0.000000] x86/fpu: Enabled xstate features 0x7, context size is 832 bytes, using 'standard' format.
[    0.000000] e820: BIOS-provided physical RAM map:
[    0.000000] BIOS-e820: [mem 0x0000000000000000-0x000000000009fbff] usable
[    0.000000] BIOS-e820: [mem 0x000000000009fc00-0x000000000009ffff] reserved
[    0.000000] BIOS-e820: [mem 0x000000000f0000-0x00000000000fffff] reserved
[    0.000000] BIOS-e820: [mem 0x0000000000100000-0x000000003ffeffff] usable
[    0.000000] BIOS-e820: [mem 0x000000003fff0000-0x000000003fffffff] ACPI data
[    0.000000] BIOS-e820: [mem 0x00000000fec00000-0x00000000fec00fff] reserved
[    0.000000] BIOS-e820: [mem 0x00000000fee00000-0x00000000fee00fff] reserved
[    0.000000] BIOS-e820: [mem 0x00000000fffc0000-0x00000000ffffffff] reserved
[    0.000000] NX (Execute Disable) protection: active
[    0.000000] SMBIOS 2.5 present.
[    0.000000] Hypervisor detected: KVM
[    0.000000] e820: last_pfn = 0x3fff0 max_arch_pfn = 0x400000000
[    0.000000] MTRR: Disabled
[    0.000000] x86/PAT: MTRRs disabled, skipping PAT initilization too.
[    0.000000] CPU MTRRs all blank - virtualized system.
[    0.000000] x86/PAT: Configuration [0-7]: WB  WT  UC- UC  WB  WT  UC- UC  
[    0.000000] found SMP MP-table at [mem 0x0009fff0-0x0009ffff] mapped at [ffff88000009fff0]
[    0.000000] Scanning 1 areas for low memory corruption
[    0.000000] RAMDISK: [mem 0x3630a000-0x3717cfff]
[    0.000000] ACPI: Early table checksum verification disabled
[    0.000000] ACPI: RSDP 0x00000000000E0000 000024 (v02 VBOX  )
[    0.000000] ACPI: XSDT 0x000000003FFF0030 00003C (v01 VBOX   VBOXXSDT 00000001 ASL  00000061)
[    0.000000] ACPI: FACP 0x000000003FFF00F0 0000F4 (v04 VBOX  VBOXFACP 00000001 ASL  00000061)
[    0.000000] ACPI: DSDT 0x000000003FFF0470 0021FF (v02 VBOX   VBOXBIOS 00000002 INTL 20100528)
[    0.000000] ACPI: FACS 0x000000003FFF0200 000040
[    0.000000] ACPI: FACS 0x000000003FFF0200 000040
[    0.000000] ACPI: APIC 0x000000003FFF0240 00005C (v02 VBOX   VBOXAPIC 00000001 ASL  00000061)
[    0.000000] ACPI: SSDT 0x000000003FFF02A0 0001CC (v01 VBOX   VBOXCPUT 00000002 INTL 20100528)
[    0.000000] No NUMA configuration found
[    0.000000] Faking a node at [mem 0x0000000000000000-0x000000003ffeffff]
[    0.000000] NODE_DATA(0) allocated [mem 0x3ffeb000-0x3ffeffff]
[    0.000000] kvm-clock: Using msrs 4b564d01 and 4b564d00
[    0.000000] kvm-clock: cpu 0, msr 0:3ffe3001, primary cpu clock
[    0.000000] kvm-clock: using sched offset of 4010784688 cycles
[    0.000000] clocksource: kvm-clock: mask: 0xffffffffffffffff max_cycles: 0x1cd42e4dffb, max_idle_ns: 881590591483 ns
[    0.000000] Zone ranges:
[    0.000000]   DMA      [mem 0x0000000000001000-0x0000000000ffffff]
[    0.000000]   DMA32    [mem 0x0000000001000000-0x000000003ffeffff]
[    0.000000]   Normal   empty
[    0.000000]   Device   empty
[    0.000000] Movable zone start for each node
[    0.000000] Early memory node ranges
[    0.000000]   node   0: [mem 0x0000000000001000-0x000000000009efff]
[    0.000000]   node   0: [mem 0x0000000000100000-0x000000003ffeffff]
[    0.000000] Initmem setup node 0 [mem 0x0000000000001000-0x000000003ffeffff]
[    0.000000] ACPI: PM-Timer IO Port: 0x4008
[    0.000000] IOAPIC[0]: apic_id 2, version 32, address 0xfec00000, GSI 0-23
[    0.000000] ACPI: INT_SRC_OVR (bus 0 bus_irq 0 global_irq 2 dfl dfl)
[    0.000000] ACPI: INT_SRC_OVR (bus 0 bus_irq 9 global_irq 9 low level)
[    0.000000] Using ACPI (MADT) for SMP configuration information
[    0.000000] smpboot: Allowing 2 CPUs, 0 hotplug CPUs
[    0.000000] PM: Registered nosave memory: [mem 0x00000000-0x00000fff]
[    0.000000] PM: Registered nosave memory: [mem 0x0009f000-0x0009ffff]
[    0.000000] PM: Registered nosave memory: [mem 0x000a0000-0x000effff]
[    0.000000] PM: Registered nosave memory: [mem 0x000f0000-0x000fffff]
[    0.000000] e820: [mem 0x40000000-0xfebfffff] available for PCI devices
[    0.000000] Booting paravirtualized kernel on KVM
[    0.000000] clocksource: refined-jiffies: mask: 0xffffffff max_cycles: 0xffffffff, max_idle_ns: 7645519600211568 ns
[    0.000000] setup_percpu: NR_CPUS:512 nr_cpumask_bits:512 nr_cpu_ids:2 nr_node_ids:1
[    0.000000] PERCPU: Embedded 34 pages/cpu @ffff88003fc00000 s99608 r8192 d31464 u1048576
[    0.000000] PV qspinlock hash table entries: 256 (order: 0, 4096 bytes)
[    0.000000] Built 1 zonelists in Node order, mobility grouping on.  Total pages: 257912
[    0.000000] Policy zone: DMA32
[    0.000000] Kernel command line: BOOT_IMAGE=/boot/vmlinuz-4.4.0-137-generic root=LABEL=cloudimg-rootfs ro console=tty1 console=ttyS0
[    0.000000] PID hash table entries: 4096 (order: 3, 32768 bytes)
[    0.000000] Memory: 997708K/1048120K available (8555K kernel code, 1314K rwdata, 4004K rodata, 1528K init, 1316K bss, 50412K reserved, 0K cma-reserved)
[    0.000000] SLUB: HWalign=64, Order=0-3, MinObjects=0, CPUs=2, Nodes=1
[    0.000000] Kernel/User page tables isolation: enabled
[    0.000000] Hierarchical RCU implementation.
[    0.000000] 	Build-time adjustment of leaf fanout to 64.
[    0.000000] 	RCU restricting CPUs from NR_CPUS=512 to nr_cpu_ids=2.
[    0.000000] RCU: Adjusting geometry for rcu_fanout_leaf=64, nr_cpu_ids=2
[    0.000000] NR_IRQS:33024 nr_irqs:440 16
[    0.000000] Console: colour VGA+ 80x25
[    0.000000] console [tty1] enabled
[    0.000000] console [ttyS0] enabled
[    0.000000] tsc: Detected 2594.004 MHz processor
[    0.282745] Calibrating delay loop (skipped) preset value.. 5188.00 BogoMIPS (lpj=10376016)
[    0.284887] pid_max: default: 32768 minimum: 301
[    0.286279] ACPI: Core revision 20150930
[    0.289209] ACPI: 2 ACPI AML tables successfully acquired and loaded
[    0.290919] Security Framework initialized
[    0.291992] Yama: becoming mindful.
[    0.292939] AppArmor: AppArmor initialized
[    0.294075] Dentry cache hash table entries: 131072 (order: 8, 1048576 bytes)
[    0.299448] Inode-cache hash table entries: 65536 (order: 7, 524288 bytes)
[    0.301197] Mount-cache hash table entries: 2048 (order: 2, 16384 bytes)
[    0.302774] Mountpoint-cache hash table entries: 2048 (order: 2, 16384 bytes)
[    0.304582] Initializing cgroup subsys io
[    0.305691] Initializing cgroup subsys memory
[    0.306804] Initializing cgroup subsys devices
[    0.308219] Initializing cgroup subsys freezer
[    0.309447] Initializing cgroup subsys net_cls
[    0.310592] Initializing cgroup subsys perf_event
[    0.311748] Initializing cgroup subsys net_prio
[    0.318616] Initializing cgroup subsys hugetlb
[    0.319701] Initializing cgroup subsys pids
[    0.321683] mce: CPU supports 0 MCE banks
[    0.322654] Last level iTLB entries: 4KB 1024, 2MB 1024, 4MB 1024
[    0.323732] Last level dTLB entries: 4KB 1024, 2MB 1024, 4MB 1024, 1GB 4
[    0.324905] Spectre V2 : Mitigation: Full generic retpoline
[    0.325783] Spectre V2 : Spectre v2 mitigation: Speculation control IBPB not-supported IBRS not-supported
[    0.327077] Spectre V2 : Spectre v2 / SpectreRSB mitigation: Filling RSB on context switch
[    0.328659] Speculative Store Bypass: Vulnerable
[    0.331708] Freeing SMP alternatives memory: 32K
[    0.341102] ftrace: allocating 32265 entries in 127 pages
[    0.408104] smpboot: APIC(0) Converting physical 0 to logical package 0
[    0.409363] smpboot: Max logical packages: 1
[    0.410808] x2apic enabled
[    0.411824] Switched APIC routing to physical x2apic.
[    0.414282] ..TIMER: vector=0x30 apic1=0 pin1=2 apic2=-1 pin2=-1
[    0.521250] smpboot: CPU0: Intel(R) Core(TM) i5-4300M CPU @ 2.60GHz (family: 0x6, model: 0x3c, stepping: 0x3)
[    0.529684] Performance Events: unsupported p6 CPU model 60 no PMU driver, software events only.
[    0.532162] KVM setup paravirtual spinlock
[    0.534259] x86: Booting SMP configuration:
[    0.535251] .... node  #0, CPUs:      #1
[    0.536193] kvm-clock: cpu 1, msr 0:3ffe3041, secondary cpu clock
[    0.537925] mce: CPU supports 0 MCE banks
[    0.540559] x86: Booted up 1 node, 2 CPUs
[    0.541869] smpboot: Total of 2 processors activated (10376.01 BogoMIPS)
[    0.543831] devtmpfs: initialized
[    0.546212] evm: security.selinux
[    0.547156] evm: security.SMACK64
[    0.548046] evm: security.SMACK64EXEC
[    0.549016] evm: security.SMACK64TRANSMUTE
[    0.550118] evm: security.SMACK64MMAP
[    0.551120] evm: security.ima
[    0.551954] evm: security.capability
[    0.553453] clocksource: jiffies: mask: 0xffffffff max_cycles: 0xffffffff, max_idle_ns: 7645041785100000 ns
[    0.556146] futex hash table entries: 512 (order: 3, 32768 bytes)
[    0.557973] pinctrl core: initialized pinctrl subsystem
[    0.559388] RTC time: 18:19:48, date: 10/09/18
[    0.560805] NET: Registered protocol family 16
[    0.573730] cpuidle: using governor ladder
[    0.586235] cpuidle: using governor menu
[    0.587081] PCCT header not found.
[    0.587883] ACPI: bus type PCI registered
[    0.588884] acpiphp: ACPI Hot Plug PCI Controller Driver version: 0.5
[    0.590512] PCI: Using configuration type 1 for base access
[    0.602583] ACPI: Added _OSI(Module Device)
[    0.603623] ACPI: Added _OSI(Processor Device)
[    0.604668] ACPI: Added _OSI(3.0 _SCP Extensions)
[    0.605776] ACPI: Added _OSI(Processor Aggregator Device)
[    0.607867] ACPI: Executed 1 blocks of module-level executable AML code
[    0.612287] ACPI: Interpreter enabled
[    0.613308] ACPI: (supports S0 S5)
[    0.614233] ACPI: Using IOAPIC for interrupt routing
[    0.615639] PCI: Using host bridge windows from ACPI; if necessary, use "pci=nocrs" and report a bug
[    0.630429] ACPI: PCI Root Bridge [PCI0] (domain 0000 [bus 00-ff])
[    0.631861] acpi PNP0A03:00: _OSC: OS supports [ASPM ClockPM Segments MSI]
[    0.633394] acpi PNP0A03:00: _OSC: not requesting OS control; OS requires [ExtendedConfig ASPM ClockPM MSI]
[    0.635725] acpi PNP0A03:00: fail to add MMCONFIG information, can't access extended PCI configuration space under this bridge.
[    0.638987] PCI host bridge to bus 0000:00
[    0.640039] pci_bus 0000:00: root bus resource [io  0x0000-0x0cf7 window]
[    0.641471] pci_bus 0000:00: root bus resource [io  0x0d00-0xffff window]
[    0.643034] pci_bus 0000:00: root bus resource [mem 0x000a0000-0x000bffff window]
[    0.644876] pci_bus 0000:00: root bus resource [mem 0x40000000-0xfdffffff window]
[    0.646764] pci_bus 0000:00: root bus resource [bus 00-ff]
[    0.649773] pci 0000:00:01.1: legacy IDE quirk: reg 0x10: [io  0x01f0-0x01f7]
[    0.651274] pci 0000:00:01.1: legacy IDE quirk: reg 0x14: [io  0x03f6]
[    0.652563] pci 0000:00:01.1: legacy IDE quirk: reg 0x18: [io  0x0170-0x0177]
[    0.653960] pci 0000:00:01.1: legacy IDE quirk: reg 0x1c: [io  0x0376]
[    0.698607] pci 0000:00:07.0: quirk: [io  0x4000-0x403f] claimed by PIIX4 ACPI
[    0.700846] pci 0000:00:07.0: quirk: [io  0x4100-0x410f] claimed by PIIX4 SMB
[    0.743648] ACPI: PCI Interrupt Link [LNKA] (IRQs 5 9 10 *11)
[    0.747965] ACPI: PCI Interrupt Link [LNKB] (IRQs 5 9 *10 11)
[    0.750150] ACPI: PCI Interrupt Link [LNKC] (IRQs 5 *9 10 11)
[    0.760032] ACPI: PCI Interrupt Link [LNKD] (IRQs 5 9 10 *11)
[    0.762638] ACPI: Enabled 2 GPEs in block 00 to 07
[    0.764372] vgaarb: setting as boot device: PCI:0000:00:02.0
[    0.765704] vgaarb: device added: PCI:0000:00:02.0,decodes=io+mem,owns=io+mem,locks=none
[    0.767792] vgaarb: loaded
[    0.768620] vgaarb: bridge control possible 0000:00:02.0
[    0.770448] SCSI subsystem initialized
[    0.771599] ACPI: bus type USB registered
[    0.772657] usbcore: registered new interface driver usbfs
[    0.773934] usbcore: registered new interface driver hub
[    0.780803] usbcore: registered new device driver usb
[    0.786450] PCI: Using ACPI for IRQ routing
[    0.789204] NetLabel: Initializing
[    0.791744] NetLabel:  domain hash size = 128
[    0.792874] NetLabel:  protocols = UNLABELED CIPSOv4
[    0.794257] NetLabel:  unlabeled traffic allowed by default
[    0.795778] amd_nb: Cannot enumerate AMD northbridges
[    0.797042] clocksource: Switched to clocksource kvm-clock
[    0.815259] AppArmor: AppArmor Filesystem Enabled
[    0.816719] pnp: PnP ACPI init
[    0.819859] pnp: PnP ACPI: found 3 devices
[    0.831881] clocksource: acpi_p: mask: 0xffffff max_cycles: 0xffffff, max_idle_ns: 2085701024 ns
[    0.860993] NET: Registered protocol family 2

[    0.862953] TCP established hash table entries: 8192 (order: 4, 65536 bytes)
[    0.864130] TCP bind hash table entries: 8192 (order: 5, 131072 bytes)
[    0.865387] TCP: Hash tables configured (established 8192 bind 8192)
[    0.866798] UDP hash table entries: 512 (order: 2, 16384 bytes)
[    0.874408] UDP-Lite hash table entries: 512 (order: 2, 16384 bytes)
[    0.875957] NET: Registered protocol family 1
[    0.876976] pci 0000:00:00.0: Limiting direct PCI/PCI transfers
[    0.878385] pci 0000:00:01.0: Activating ISA DMA hang workarounds
[    0.880008] Unpacking initramfs...
[    1.199790] Freeing initrd memory: 14796K
[    1.201037] RAPL PMU detected, API unit is 2^-32 Joules, 4 fixed counters 10737418240 ms ovfl timer
[    1.203221] hw unit of domain pp0-core 2^-0 Joules
[    1.20455] hw unit of domain package 2^-0 Joules

[    1.229383] hw unit of domain dram 2^-0 Joules
[    1.230490] hw unit of domain pp1-gpu 2^-0 Joules
[    1.232318] platform rtc_cmos: registered platform RTC device (no PNP device found)
[    1.240687] Scanning for low memory corruption every 60 seconds
[    1.242597] audit: initializing netlink subsys (disabled)
[    1.243888] audit: type=2000 audit(1539109194.535:1): initialized
[    1.245698] Initialise system trusted keyring
[    1.247262] HugeTLB registered 2 MB page size, pre-allocated 0 pages
[    1.249566] zbud: loaded
[    1.250969] VFS: Disk quotas dquot_6.6.0
[    1.251770] VFS: Dquot-cache hash table entries: 512 (order 0, 4096 bytes)
[    1.253603] squashfs: version 4.0 (2009/01/31) Phillip Lougher
[    1.255443] fuse init (API version 7.23)
[    1.256814] Key type big_key registered
[    1.257909] Allocating IMA MOK and blacklist keyrings.
[    1.260564] Key type asymmetric registered
[    1.261699] Asymmetric key parser 'x509' registered
[    1.262988] Block layer SCSI generic (bsg) driver version 0.4 loaded (major 249)
[    1.265005] io scheduler noop registered
[    1.266087] io scheduler deadline registered (default)
[    1.267459] io scheduler cfq registered
[    1.268612] pci_hotplug: PCI Hot Plug PCI Core version: 0.5
[    1.269964] pciehp: PCI Express Hot Plug Controller Driver version: 0.4
[    1.271671] ACPI: AC Adapter [AC] (off-line)
[    1.272639] input: Power Button as /devices/LNXSYSTM:00/LNXPWRBN:00/input/input0
[    1.274137] ACPI: Power Button [PWRF]
[    1.274960] input: Sleep Button as /devices/LNXSYSTM:00/LNXSLPBN:00/input/input1
[    1.276362] ACPI: Sleep Button [SLPF]
[    1.277392] GHES: HEST is not enabled!
[    1.278189] ACPI: Battery Slot [BAT0] (battery present)
[    1.291895] Serial: 8250/16550 driver, 32 ports, IRQ sharing enabled
[    1.316630] 00:02: ttyS0 at I/O 0x3f8 (irq = 4, base_baud = 115200) is a 16550A
[    1.322067] Linux agpgart interface v0.103
[    1.324960] loop: module loaded
[    1.326251] scsi host0: ata_piix
[    1.327170] scsi host1: ata_piix
[    1.328006] ata1: PATA max UDMA/33 cmd 0x1f0 ctl 0x3f6 bmdma 0xd000 irq 14
[    1.329452] ata2: PATA max UDMA/33 cmd 0x170 ctl 0x376 bmdma 0xd008 irq 15
[    1.331112] libphy: Fixed MDIO Bus: probed
[    1.338052] tun: Universal TUN/TAP device driver, 1.6
[    1.338892] tun: (C) 1999-2004 Max Krasnyansky <maxk@qualcomm.com>
[    1.340132] PPP generic driver version 2.4.2
[    1.341352] ehci_hcd: USB 2.0 'Enhanced' Host Controller (EHCI) Driver
[    1.342770] ehci-pci: EHCI PCI platform driver
[    1.343914] ehci-platform: EHCI generic platform driver
[    1.345156] ohci_hcd: USB 1.1 'Open' Host Controller (OHCI) Driver
[    1.346618] ohci-pci: OHCI PCI platform driver
[    1.347753] ohci-platform: OHCI generic platform driver
[    1.348992] uhci_hcd: USB Universal Host Controller Interface driver
[    1.356329] i8042: PNP: PS/2 Controller [PNP0303:PS2K,PNP0f03:PS2M] at 0x60,0x64 irq 1,12
[    1.358919] serio: i8042 KBD port at 0x60,0x64 irq 1
[    1.360138] serio: i8042 AUX port at 0x60,0x64 irq 12
[    1.361561] mousedev: PS/2 mouse device common for all mice
[    1.363460] input: AT Translated Set 2 keyboard as /devices/platform/i8042/serio0/input/input2
[    1.366084] rtc_cmos rtc_cmos: rtc core: registered rtc_cmos as rtc0
[    1.367650] rtc_cmos rtc_cmos: alarms up to one day, 114 bytes nvram
[    1.369117] i2c /dev entries driver
[    1.370236] device-mapper: uevent: version 1.0.3
[    1.371616] device-mapper: ioctl: 4.34.0-ioctl (2015-10-28) initialised: dm-devel@redhat.com
[    1.373913] ledtrig-cpu: registered to indicate activity on CPUs
[    1.376163] NET: Registered protocol family 10
[    1.377507] NET: Registered protocol family 17
[    1.378510] Key type dns_resolver registered
[    1.380101] registered taskstats version 1
[    1.380953] Loading compiled-in X.509 certificates
[    1.382656] Loaded X.509 cert 'Build time autogenerated kernel key: 20acc96b50ca7641011eace69d32209215a9b56f'
[    1.384871] zswap: loaded using pool lzo/zbud
[    1.387419] Key type trusted registered
[    1.391077] Key type encrypted registered
[    1.392007] AppArmor: AppArmor sha1 policy hashing enabled
[    1.393336] ima: No TPM chip found, activating TPM-bypass!
[    1.394685] ima: Allocated hash algorithm: sha1
[    1.395825] evm: HMAC attrs: 0x1
[    1.396962]   Magic number: 6:880:341
[    1.398022] rtc_cmos rtc_cmos: setting system clock to 2018-10-09 18:19:49 UTC (1539109189)
[    1.400207] BIOS EDD facility v0.16 2004-Jun-25, 0 devices found
[    1.401337] EDD information not available.
[    1.487167] Freeing unused kernel memory: 1528K
[    1.488664] Write protecting the kernel read-only data: 14336k
[    1.490642] Freeing unused kernel memory: 1672K
[    1.492177] Freeing unused kernel memory: 92K
Loading, please wait...
starting version 229
[    1.510282] random: systemd-udevd: uninitialized urandom read (16 bytes read, 2 bits of entropy available)
[    1.511238] random: udevadm: uninitialized urandom read (16 bytes read, 2 bits of entropy available)
[    1.511263] random: udevadm: uninitialized urandom read (16 bytes read, 2 bits of entropy available)
[    1.517655] random: systemd-udevd: uninitialized urandom read (16 bytes read, 2 bits of entropy available)
[    1.519986] random: systemd-udevd: uninitialized urandom read (16 bytes read, 2 bits of entropy available)
[    1.522289] random: systemd-udevd: uninitialized urandom read (16 bytes read, 2 bits of entropy available)
[    1.523008] random: udevadm: uninitialized urandom read (16 bytes read, 2 bits of entropy available)
[    1.523058] random: udevadm: uninitialized urandom read (16 bytes read, 2 bits of entropy available)
[    1.523207] random: udevadm: uninitialized urandom read (16 bytes read, 2 bits of entropy available)
[    1.523262] random: udevadm: uninitialized urandom read (16 bytes read, 2 bits of entropy available)
[    1.608149] e1000: Intel(R) PRO/1000 Network Driver - version 7.3.21-k8-NAPI
[    1.609614] e1000: Copyright (c) 1999-2006 Intel Corporation.
[    1.618173] Fusion MPT base driver 3.04.20
[    1.619251] Copyright (c) 1999-2008 LSI Corporation
[    1.648566] AVX2 version of gcm_enc/dec engaged.
[    1.655104] AES CTR mode by8 optimization enabled
[    1.658023] Fusion MPT SPI Host driver 3.04.20
[    1.821896] input: ImExPS/2 Generic Explorer Mouse as /devices/platform/i8042/serio1/input/input4
[    2.167916] e1000 0000:00:03.0 eth0: (PCI:33MHz:32-bit) 02:e1:e1:d1:e4:77
[    2.169450] e1000 0000:00:03.0 eth0: Intel(R) PRO/1000 Network Connection
[    2.173057] mptbase: ioc0: Initiating bringup
[    2.229518] tsc: Refined TSC clocksource calibration: 2595.043 MHz
[    2.231414] clocksource: tsc: mask: 0xffffffffffffffff max_cycles: 0x2567f17066d, max_idle_ns: 440795217309 ns
[    2.237285] ioc0: LSI53C1030 A0: Capabilities={Initiator}
[    2.398990] scsi host2: ioc0: LSI53C1030 A0, FwRev=00000000h, Ports=1, MaxQ=256, IRQ=20
[    2.517914] scsi 2:0:0:0: Direct-Access     VBOX     HARDDISK         1.0  PQ: 0 ANSI: 5
[    2.519516] scsi target2:0:0: Beginning Domain Validation
[    2.522087] scsi target2:0:0: Domain Validation skipping write tests
[    2.523258] scsi target2:0:0: Ending Domain Validation
[    2.524309] scsi target2:0:0: asynchronous
[    2.534688] scsi 2:0:1:0: Direct-Access     VBOX     HARDDISK         1.0  PQ: 0 ANSI: 5
[    2.536386] scsi target2:0:1: Beginning Domain Validation
[    2.538714] scsi target2:0:1: Domain Validation skipping write tests
[    2.539869] scsi target2:0:1: Ending Domain Validation
[    2.540897] scsi target2:0:1: asynchronous
[    2.547117] sd 2:0:0:0: Attached scsi generic sg0 type 0
[    2.548403] sd 2:0:0:0: [sda] 20971520 512-byte logical blocks: (10.7 GB/10.0 GiB)
[    2.553268] sd 2:0:1:0: Attached scsi generic sg1 type 0
[    2.554714] sd 2:0:1:0: [sdb] 20480 512-byte logical blocks: (10.5 MB/10.0 MiB)
[    2.556764] sd 2:0:0:0: [sda] Write Protect is off
[    2.557998] sd 2:0:1:0: [sdb] Write Protect is off
[    2.559363] sd 2:0:1:0: [sdb] Incomplete mode parameter data
[    2.561238] sd 2:0:1:0: [sdb] Assuming drive cache: write through
[    2.562768] sd 2:0:0:0: [sda] Incomplete mode parameter data
[    2.564250] sd 2:0:0:0: [sda] Assuming drive cache: write through
[    2.597985]  sda: sda1
[    2.599754] sd 2:0:0:0: [sda] Attached SCSI disk
[    2.607914] sd 2:0:1:0: [sdb] Attached SCSI disk
[    2.916123] e1000 0000:00:08.0 eth1: (PCI:33MHz:32-bit) 08:00:27:14:6d:5f
[    2.918198] e1000 0000:00:08.0 eth1: Intel(R) PRO/1000 Network Connection
[    3.305193] e1000 0000:00:09.0 eth2: (PCI:33MHz:32-bit) 08:00:27:1f:d5:d8
[    3.306590] e1000 0000:00:09.0 eth2: Intel(R) PRO/1000 Network Connection
[    3.308725] e1000 0000:00:03.0 enp0s3: renamed from eth0
[    3.321410] e1000 0000:00:08.0 enp0s8: renamed from eth1
[    3.349504] e1000 0000:00:09.0 enp0s9: renamed from eth2
Begin: Loading essential drivers ... [    4.820379] md: linear personality registered for level -1
[    4.825842] md: multipath personality registered for level -4
[    4.830181] md: raid0 personality registered for level 0
[    4.835550] md: raid1 personality registered for level 1
[    4.909093] raid6: sse2x1   gen()  7847 MB/s
[    4.977167] raid6: sse2x1   xor()  5088 MB/s
[    5.045204] raid6: sse2x2   gen() 11667 MB/s
[    5.113241] raid6: sse2x2   xor()  6163 MB/s
[    5.181294] raid6: sse2x4   gen() 13154 MB/s
[    5.249334] raid6: sse2x4   xor()  9223 MB/s
[    5.317058] raid6: avx2x1   gen() 12404 MB/s
[    5.385450] raid6: avx2x2   gen() 14660 MB/s
[    5.453052] raid6: avx2x4   gen() 20601 MB/s
[    5.454159] raid6: using algorithm avx2x4 gen() 20601 MB/s
[    5.455423] raid6: using avx2x2 recovery algorithm
[    5.458013] xor: automatically using best checksumming function:
[    5.497502]    avx       : 27675.000 MB/sec
[    5.499876] async_tx: api initialized (async)
[    5.509440] md: raid6 personality registered for level 6
[    5.510649] md: raid5 personality registered for level 5
[    5.511736] md: raid4 personality registered for level 4
[    5.518132] md: raid10 personality registered for level 10
done.
Begin: Running /scripts/init-premount ... done.
Begin: Mounting root file system ... Begin: Running /scripts/local-top ... done.
Begin: Running /scripts/local-premount ... [    5.556377] Btrfs loaded
Scanning for Btrfs filesystems
done.
Warning: fsck not present, so skipping root file system
[    5.712845] EXT4-fs (sda1): mounted filesystem with ordered data mode. Opts: (null)
done.
Begin: Running /scripts/local-bottom ... done.
Begin: Running /scripts/init-bottom ... done.
[    6.827183] systemd[1]: systemd 229 running in system mode. (+PAM +AUDIT +SELINUX +IMA +APPARMOR +SMACK +SYSVINIT +UTMP +LIBCRYPTSETUP +GCRYPT +GNUTLS +ACL +XZ -LZ4 +SECCOMP +BLKID +ELFUTILS +KMOD -IDN)
[    6.831329] systemd[1]: Detected virtualization oracle.
[    6.832742] systemd[1]: Detected architecture x86-64.

Welcome to [1mUbuntu 16.04.5 LTS[0m!

[    6.894218] systemd[1]: Set hostname to <ubuntu>.
[    6.911914] systemd[1]: Initializing machine ID from random generator.
[    6.913826] systemd[1]: Installed transient /etc/machine-id file.
[    7.052585] random: nonblocking pool is initialized
[    7.620757] systemd[1]: Created slice System Slice.
[[0;32m  OK  [0m] Created slice System Slice.
[    7.624305] systemd[1]: Listening on Syslog Socket.
[[0;32m  OK  [0m] Listening on Syslog Socket.
[    7.952791] systemd[1]: Listening on LVM2 metadata daemon socket.
[[0;32m  OK  [0m] Listening on LVM2 metadata daemon socket.
[    7.955990] systemd[1]: Listening on Journal Audit Socket.
[[0;32m  OK  [0m] Listening on Journal Audit Socket.
[    7.959079] systemd[1]: Started Trigger resolvconf update for networkd DNS.
[[0;32m  OK  [0m] Started Trigger resolvconf update for networkd DNS.
[    7.962766] systemd[1]: Created slice User and Session Slice.
[[0;32m  OK  [0m] Created slice User and Session Slice.
[    7.965553] systemd[1]: Listening on Device-mapper event daemon FIFOs.
[[0;32m  OK  [0m] Listening on Device-mapper event daemon FIFOs.
[    7.968778] systemd[1]: Started Forward Password Requests to Wall Directory Watch.
[[0;32m  OK  [0m] Started Forward Password Requests to Wall Directory Watch.
[    7.972615] systemd[1]: Set up automount Arbitrary Executable File Formats File System Automount Point.
[[0;32m  OK  [0m] Set up automount Arbitrary Executab...ats File System Automount Point.
[    7.976044] systemd[1]: Reached target System Time Synchronized.
[[0;32m  OK  [0m] Reached target System Time Synchronized.
[    7.979519] systemd[1]: Created slice system-serial\x2dgetty.slice.
[[0;32m  OK  [0m] Created slice system-serial\x2dgetty.slice.
[    7.982779] systemd[1]: Listening on Journal Socket (/dev/log).
[[0;32m  OK  [0m] Listening on Journal Socket (/dev/log).
[    7.985525] systemd[1]: Listening on /dev/initctl Compatibility Named Pipe.
[[0;32m  OK  [0m] Listening on /dev/initctl Compatibility Named Pipe.
[    7.988486] systemd[1]: Listening on udev Kernel Socket.
[[0;32m  OK  [0m] Listening on udev Kernel Socket.
[    7.990939] systemd[1]: Reached target Slices.
[[0;32m  OK  [0m] Reached target Slices.
[    7.993258] systemd[1]: Reached target User and Group Name Lookups.
[[0;32m  OK  [0m] Reached target User and Group Name Lookups.
[    7.995966] systemd[1]: Reached target Encrypted Volumes.
[[0;32m  OK  [0m] Reached target Encrypted Volumes.
[    8.234616] systemd[1]: Listening on LVM2 poll daemon socket.
[[0;32m  OK  [0m] Listening on LVM2 poll daemon socket.
[    8.255191] systemd[1]: Listening on udev Control Socket.
[[0;32m  OK  [0m] Listening on udev Control Socket.
[    8.258409] systemd[1]: Reached target Swap.
[[0;32m  OK  [0m] Reached target Swap.
[    8.261738] systemd[1]: Listening on Journal Socket.
[[0;32m  OK  [0m] Listening on Journal Socket.
[    8.281593] systemd[1]: Mounting Debug File System...
         Mounting Debug File System...
[    8.329274] systemd[1]: Starting Load Kernel Modules...
         Starting Load Kernel Modules...
[    8.338554] systemd[1]: Mounting POSIX Message Queue File System...
         Mounting POSIX Message Queue File System...
[    8.348214] systemd[1]: Starting Remount Root and Kernel File Systems...
         Starting Remount Root and Kernel File Systems...
[    8.357859] systemd[1]: Starting Journal Service...
         Starting Journal Service...
[    8.367115] systemd[1]: Starting Set console keymap...
[    8.368418] Loading iSCSI transport class v2.0-870.
         Starting Set console keymap...
[    8.371747] systemd[1]: Starting Monitoring of LVM2 mirrors, snapshots etc. using dmeventd or progress polling...
         Starting Monitoring of LVM2 mirrors... dmeventd or progress polling...
[    8.387387] systemd[1]: Starting Nameserver information manager...
         Starting Nameserver information manager...
[    8.390825] EXT4-fs (sda1): re-mounted. Opts: (null)
[    8.396396] systemd[1]: Starting Create list of required static device nodes for the current kernel...
         Starting Create list of required st... nodes for the current kernel...
[    8.402632] systemd[1]: Mounting Huge Pages File System...
         Mounting Huge Pages File System...
[    8.419468] systemd[1]: Starting Uncomplicated firewall...
         Starting Uncomplicated firewall...
[    8.428568] systemd[1]: Mounted Debug File System.
[[0;32m  OK  [0m] Mounted Debug File System.
[    8.430889] systemd[1]: Mounted Huge Pages File System.
[[0;32m  OK  [0m] Mounted Huge Pages File System.
[    8.433254] systemd[1]: Mounted POSIX Message Queue File System.
[[0;32m  OK  [0m] Mounted POSIX Message Queue File System.
[    8.436348] systemd[1]: Started Remount Root and Kernel File Systems.
[[0;32m  OK  [0m] Started Remount Root and Kernel File Systems.
[    8.449172] systemd[1]: Started Create list of required static device nodes for the current kernel.
[[0;32m  OK  [0m] Started Create list of required sta...ce nodes for the current kernel.
[    8.468119] systemd[1]: Started Uncomplicated firewall.
[[0;32m  OK  [0m] Started Uncomplicated firewall.
[    8.502459] iscsi: registered transport (tcp)
[    8.517639] systemd[1]: Starting Create Static Device Nodes in /dev...
         Starting Create Static Device Nodes in /dev...
[    8.535578] systemd[1]: Starting udev Coldplug all Devices...
         Starting udev Coldplug all Devices...
[    8.538742] systemd[1]: Starting Load/Save Random Seed...
         Starting Load/Save Random Seed...
[    8.543823] systemd[1]: Started Nameserver information manager.
[[0;32m  OK  [0m] Started Nameserver information manager.
[    8.566661] systemd[1]: Started Set console keymap.
[[0;32m  OK  [0m] Started Set console keymap.
[    8.636187] systemd[1]: Started Load/Save Random Seed.
[[0;32m  OK  [0m] Started Load/Save Random Seed.
[    8.654869] systemd[1]: Started udev Coldplug all Devices.
[[0;32m  OK  [0m] Started udev Coldplug all Devices.
[    8.712599] systemd[1]: Started Journal Service.
[[0;32m  OK  [0m] Started Journal Service.
         Starting Flush Journal to Persistent Storage...
[    8.740335] iscsi: registered transport (iser)
[[0;32m  OK  [0m] Started Load Kernel Modules.
         Mounting FUSE Control File System...
         Starting Apply Kernel Variables...
[[0;32m  OK  [0m] Mounted FUSE Control File System.
[    8.776928] systemd-journald[382]: Received request to flush runtime journal from PID 1
[[0;32m  OK  [0m] Started LVM2 metadata daemon.
[[0;32m  OK  [0m] Started Flush Journal to Persistent Storage.
[[0;32m  OK  [0m] Started Apply Kernel Variables.
[[0;32m  OK  [0m] Started Create Static Device Nodes in /dev.
         Starting udev Kernel Device Manager...
[[0;32m  OK  [0m] Started udev Kernel Device Manager.
[[0;32m  OK  [0m] Started Dispatch Password Requests to Console Directory Watch.
[[0;32m  OK  [0m] Found device /dev/ttyS0.
[[0;32m  OK  [0m] Listening on Load/Save RF Kill Switch Status /dev/rfkill Watch.
[[0;32m  OK  [0m] Started Monitoring of LVM2 mirrors,...ng dmeventd or progress polling.
[[0;32m  OK  [0m] Reached target Local File Systems (Pre).
[[0;32m  OK  [0m] Reached target Local File Systems.
         Starting Set console font and keymap...
         Starting Create Volatile Files and Directories...
         Starting LSB: AppArmor initialization...
         Starting Commit a transient machine-id on disk...
         Starting Initial cloud-init job (pre-networking)...
         Starting Tell Plymouth To Write Out Runtime Data...
[[0;32m  OK  [0m] Started Commit a transient machine-id on disk.
[[0;32m  OK  [0m] Started Tell Plymouth To Write Out Runtime Data.
[[0;32m  OK  [0m] Started Create Volatile Files and Directories.
         Starting Update UTMP about System Boot/Shutdown...
[[0;32m  OK  [0m] Started Set console font and keymap.
[[0;32m  OK  [0m] Created slice system-getty.slice.
[[0;32m  OK  [0m] Started Update UTMP about System Boot/Shutdown.
[[0;32m  OK  [0m] Started LSB: AppArmor initialization.
[   15.318796] cloud-init[623]: Cloud-init v. 18.3-9-g2e62cb8a-0ubuntu1~16.04.2 running 'init-local' at Tue, 09 Oct 2018 18:20:02 +0000. Up 14.33 seconds.
[[0;32m  OK  [0m] Started Initial cloud-init job (pre-networking).
[[0;32m  OK  [0m] Reached target Network (Pre).
         Starting Raise network interfaces...
[[0;32m  OK  [0m] Started Raise network interfaces.
         Starting Initial cloud-init job (metadata service crawler)...
[[0;32m  OK  [0m] Reached target Network.
[   18.965395] cloud-init[973]: Cloud-init v. 18.3-9-g2e62cb8a-0ubuntu1~16.04.2 running 'init' at Tue, 09 Oct 2018 18:20:05 +0000. Up 16.51 seconds.
[   18.971023] cloud-init[973]: ci-info: ++++++++++++++++++++++++++++++++++++++Net device info+++++++++++++++++++++++++++++++++++++++
[   18.999683] cloud-init[973]: ci-info: +--------+-------+----------------------------+---------------+--------+-------------------+
[   19.044725] [cloud-init[0;32m  OK  [0m[973]: ] ci-info: | Device |   Up  |          Address           |      Mask     | Scope  |     Hw-Address    |Started Initial cloud-init job (metadata service crawler).

[   19.045169] cloud-init[973]: ci-info: +--------+-------+----------------------------+---------------+--------+-------------------+[
[0;32m  OK  [0m] Reached target System Initialization.
[   19.086198] [cloud-init[0;32m  OK  [0m[973]: ] ci-info: | enp0s3 |  True |         10.0.2.15          | 255.255.255.0 | global | 02:e1:e1:d1:e4:77 |Started Daily Cleanup of Temporary Directories.

[   19.104554] cloud-init[973]: ci-info: | enp0s3 |  True | fe80::e1:e1ff:fed1:e477/64 |       .       |  link  | 02:e1:e1:d1:e4:77 |
[   19.110551] [[0;32m  OK  [0m] Started ACPI Events Check.
[[0;32m  OK  [0m] Reached target Paths.
cloud-init[973]: ci-info: | enp0s8 | False |             .              |       .       |   .    | 08:00:27:14:6d:5f |
[   19.138824]          Starting LXD - unix socket.
[[0;32m  OK  [0m] Started Daily apt download activities.
[[0;32m  OK  [0m] Started Daily apt upgrade and clean activities.
[[0;32m  OK  [0m] Reached target Timers.
[[0;32m  OK  [0m] Listening on UUID daemon activation socket.
         Starting Socket activation for snappy daemon.
cloud-init[973]: ci-info: | enp0s9 | False |             .              |       .       |   .    | 08:00:27:1f:d5:d8 |
[   19.182812] [[0;32m  OK  [0m] Listening on D-Bus System Message Bus Socket.
[[0;32m  OK  [0m] Listening on ACPID Listen Socket.
[[0;32m  OK  [0m] Reached target Cloud-config availability.
[[0;32m  OK  [0m] Reached target Network is Online.
cloud-init[973]: ci-info: |   lo   |  True |         127.0.0.1          |   255.0.0.0   |  host  |         .         |
[   19.216388] cloud-init[973]: ci-info: |   lo   |  True |          ::1/128           |       .       |  host  |         .         |
[   19.216716] cloud-init[973]: ci-info: +--------+-------+----------------------------+---------------+--------+-------------------+
         Starting iSCSI initiator daemon (iscsid)...
[   19.216877] cloud-init[973]: ci-info: +++++++++++++++++++++++++++Route IPv4 info++++++++++++++++++++++++++++
[   19.237445] cloud-init[973]: ci-info: +-------+-------------+----------+---------------+-----------+-------+
[   19.237741] cloud-init[973]: ci-info: | Route | Destination | Gateway  |    Genmask    | Interface | Flags |
[   19.238507] cloud-init[973]: ci-info: +-------+-------------+----------+---------------+-----------+-------+
[   19.238817] cloud-init[973]: ci-info: |   0   |   0.0.0.0   | 10.0.2.2 |    0.0.0.0    |   enp0s3  |   UG  |
[   19.239170] cloud-init[973]: ci-info: |   1   |   10.0.2.0  | 0.0.0.0  | 255.255.255.0 |   enp0s3  |   U   |
[   19.239413] cloud-init[973]: ci-info: +-------+-------------+----------+---------------+-----------+-------+
[   19.239583] cloud-init[973]: ci-info: +++++++++++++++++++Route IPv6 info+++++++++++++++++++
[   19.239777] cloud-init[973]: ci-info: +-------+-------------+---------+-----------+-------+
[   19.240666] cloud-init[973]: ci-info: | Route | Destination | Gateway | Interface | Flags |
[[0;32m  OK  [0m] Listening on LXD - unix socket.
[   19.241981] cloud-init[973]: ci-info: +-------+-------------+---------+-----------+-------+
[   19.272180] cloud-init[973]: ci-info: |   0   |  fe80::/64  |    ::   |   enp0s3  |   U   |
[   19.272347] cloud-init[973]: ci-info: |   3   |   ff00::/8  |    ::   |   enp0s3  |   U   |
[   19.272505] cloud-init[973]: ci-info: +-------+-------------+---------+-----------+-------+
[   19.272676] cloud-init[973]: Generating public/private rsa key pair.
[   19.272886] cloud-init[973]: Your identification has been saved in /etc/ssh/ssh_host_rsa_key.
[   19.273039] cloud-init[973]: Your public key has been saved in /etc/ssh/ssh_host_rsa_key.pub.
[   19.273197] cloud-init[973]: The key fingerprint is:
[   19.273540] cloud-init[973]: SHA256:OhTNT7USxRY7UigZYQ9HdkG6iXJSOr8PkRGkmitGYh0 root@ubuntu-xenial
[   19.273712] cloud-init[973]: The key's randomart image is:
[[0;32m  OK  [0m] Listening on Socket activation for snappy daemon.
[   19.274012] cloud-init[973]: +---[RSA 2048]----+
[   19.379741] cloud-init[973]: |       .B===Oo   |
[   19.391140] cloud-init[973]: |       =o*.*oo   |
[   19.412867] cloud-init[973]: |   E  o =.*.+    |
[[0;32m  OK  [0m] Reached target Sockets.
[[0;32m  OK  [0m] Reached target Basic System.
[   19.417506] cloud-init[973]: |  . .o + * = .   |
[   19.432864] cloud-init[973]: |....o * S +      |
[   19.438652] cloud-init[973]: |.o   o B .       |
[   19.440116] cloud-init[973]: |  o . o o        |
[   19.440639] cloud-init[973]: | . .   . o       |
[   19.441442] cloud-init[973]: |        ...      |
[   19.441643] cloud-init[973]: +----[SHA256]-----+
[   19.442496] cloud-init[973]: Generating public/private dsa key pair.
[   19.442935] cloud-init[973]: Your identification has been saved in /etc/ssh/ssh_host_dsa_key.
[   19.443386] cloud-init[973]: Your public key has been saved in /etc/ssh/ssh_host_dsa_key.pub.
[   19.443613] cloud-init[973]: The key fingerprint is:
[   19.444461] cloud-init[973]: SHA256:iQ9KHSy1bLtIPINZtPZm+0EcPPbj1cRyAJGdhBHCB+Q root@ubuntu-xenial
[   19.444645] cloud-init[973]: The key's randomart image is:
[   19.445425] cloud-init[973]: +---[DSA 1024]----+
[   19.445649] cloud-init[973]: |    . .o+.=Xo.   |
[   19.445890] cloud-init[973]: |   . = +..+ oo   |
[   19.446132] cloud-init[973]: |    = * E.  . +  |
[   19.447103] cloud-init[973]: |   * = * =   =   |
[   19.447325] cloud-init[973]: |  o * O S o . .  |
[   19.447370] cloud-init[973]: |   o B * . o     |
[   19.447410] cloud-init[973]: |    o o o .      |
[   19.447450] cloud-init[973]: |       . .       |
[   19.447497] cloud-init[973]: |        .        |
[   19.447537] cloud-init[973]: +----[SHA256]-----+
[   19.447576] cloud-init[973]: Generating public/private ecdsa key pair.
[   19.447614] cloud-init[973]: Your identification has been saved in /etc/ssh/ssh_host_ecdsa_key.
[   19.447655] cloud-init[973]: Your public key has been saved in /etc/ssh/ssh_host_ecdsa_key.pub.
[   19.447693] cloud-init[973]: The key fingerprint is:
[   19.447756] cloud-init[973]: SHA256:gQ4R2N9LcC/pWArkv8PbZVqG0pB/FXq7tQ8ajX6UP74 root@ubuntu-xenial
[   19.447804] cloud-init[973]: The key's randomart image is:
[   19.447843] cloud-init[973]: +---[ECDSA 256]---+
[   19.447883] cloud-init[973]: |   oo.           |
[   19.447923] cloud-init[973]: |  . o....        |
[   19.447962] cloud-init[973]: |   o...+.o  .    |
[   19.448006] cloud-init[973]: |    oo..*... .   |
[   19.448046] cloud-init[973]: |     o+*So. o  . |
[   19.448122] cloud-init[973]: |      ++o. o +o  |
[   19.448200] cloud-init[973]: |     ...+ * +.+. |
[   19.448339] cloud-init[973]: |      +o B . =.+.|
[   19.448421] cloud-init[973]: |      .oo   +.oE+|
[   19.448497] cloud-init[973]: +----[SHA256]-----+
[   19.448547] cloud-init[973]: Generating public/private ed25519 key pair.
[   19.448588] cloud-init[973]: Your identification has been saved in /etc/ssh/ssh_host_ed25519_key.
[   19.448628] cloud-init[973]: Your public key has been saved in /etc/ssh/ssh_host_ed25519_key.pub.
[   19.448667] cloud-init[973]: The key fingerprint is:
         Starting Virtualbox guest utils...
[   19.449319] cloud-init[973]: SHA256:WqlONfUkxOmirnHmlzKBaTLr4DeBn6gprVLreIqKlKg root@ubuntu-xenial
[[0;32m  OK  [0m] [   19.709263] cloud-init[973]: The key's randomart image is:
[   19.711374] cloud-init[973]: +--[ED25519 256]--+
Started D-Bus System Message Bus.
[   19.712304] cloud-init[973]: |         ...     |
[   19.742522] cloud-init[973]: |         .o      |
[   19.744303] cloud-init[973]: |         .o .    |
[   19.746010] cloud-init[973]: |        .o.+     |
[   19.763898] cloud-init[973]: |  .  o .S.  .    |
[   19.765198] cloud-init[973]: |..=.+ o= .       |
[   19.766490] cloud-init[973]: |o=o*+.*. .       |
[   19.767914] cloud-init[973]: |O=== B+ o        |
[   19.771621] cloud-init[973]: |EB+ o.o+         |
[   19.772956] cloud-init[973]: +----[SHA256]-----+
         Starting System Logging Service...
         Starting LSB: Record successful boot for GRUB...
[[0;32m  OK  [0m] Started ACPI event daemon.
[[0;32m  OK  [0m] Started Regular background program processing daemon.
[[0;32m  OK  [0m] Started FUSE filesystem for LXC.
         Starting Accounts Service...
         Starting /etc/rc.local Compatibility...
         Starting LXD - container startup/shutdown...
[[0;32m  OK  [0m] Started Unattended Upgrades Shutdown.
         Starting LSB: MD monitoring daemon...
[[0;32m  OK  [0m] Started Deferred execution scheduler.
         Starting Login Service...
         Starting Pollinate to seed the pseudo random number generator...
         Starting Snappy daemon...
[[0;32m  OK  [0m] Started iSCSI initiator daemon (iscsid).
[[0;32m  OK  [0m] Started /etc/rc.local Compatibility.
         Starting Login to default iSCSI targets...
[[0;32m  OK  [0m] Started Login Service.
[[0;32m  OK  [0m] Started LSB: MD monitoring daemon.
[[0;32m  OK  [0m] Started System Logging Service.
[[0;32m  OK  [0m] Started LSB: Record successful boot for GRUB.
[[0;32m  OK  [0m] Started Login to default iSCSI targets.
[[0;32m  OK  [0m] Reached target Remote File Systems (Pre).
[[0;32m  OK  [0m] Reached target Remote File Systems.
         Starting Permit User Sessions...
         Starting LSB: daemon to balance interrupts for SMP systems...
         Starting LSB: Set the CPU Frequency Scaling governor to "ondemand"...
         Starting LSB: automatic crash report generation...
[[0;32m  OK  [0m] Started LSB: Set the CPU Frequency Scaling governor to "ondemand".
[[0;32m  OK  [0m] Started Permit User Sessions.
         Starting Hold until boot process finishes up...
         Starting Terminate Plymouth Boot Screen...
[[0;32m  OK  [0m] Started Hold until boot process finishes up.
[[0;32m  OK  [0m] Started Terminate Plymouth Boot Screen.
         Starting Set console scheme...
[[0;32m  OK  [0m] Started Getty on tty1.
[[0;32m  OK  [0m] Started Serial Getty on ttyS0.
[[0;32m  OK  [0m] Reached target Login Prompts.
[[0;32m  OK  [0m] Started Set console scheme.
[[0;32m  OK  [0m] Started LSB: daemon to balance interrupts for SMP systems.
[[0;32m  OK  [0m] Started LSB: automatic crash report generation.
         Starting Authenticate and Authorize Users to Run Privileged Tasks...
[[0;32m  OK  [0m] Started Virtualbox guest utils.
[[0;32m  OK  [0m] Started Authenticate and Authorize Users to Run Privileged Tasks.
[[0;32m  OK  [0m] Started Accounts Service.
[[0;32m  OK  [0m] Started LXD - container startup/shutdown.
[[0;32m  OK  [0m] Started Snappy daemon.
         Starting Wait until snapd is fully seeded...

Ubuntu 16.04.5 LTS ubuntu-xenial ttyS0

ubuntu-xenial login: [   45.942957] cloud-init[1828]: Generating locales (this might take a while)...
[   49.332269] cloud-init[1828]:   en_US.UTF-8... done
[   49.371916] cloud-init[1828]: Generation complete.
[   61.899162] cloud-init[1828]: Cloud-init v. 18.3-9-g2e62cb8a-0ubuntu1~16.04.2 running 'modules:config' at Tue, 09 Oct 2018 18:20:33 +0000. Up 45.22 seconds.
ci-info: no authorized ssh keys fingerprints found for user ubuntu.
<14>Oct  9 18:20:51 ec2: 
<14>Oct  9 18:20:51 ec2: #############################################################
<14>Oct  9 18:20:51 ec2: -----BEGIN SSH HOST KEY FINGERPRINTS-----
<14>Oct  9 18:20:51 ec2: 1024 SHA256:iQ9KHSy1bLtIPINZtPZm+0EcPPbj1cRyAJGdhBHCB+Q root@ubuntu-xenial (DSA)
<14>Oct  9 18:20:51 ec2: 256 SHA256:gQ4R2N9LcC/pWArkv8PbZVqG0pB/FXq7tQ8ajX6UP74 root@ubuntu-xenial (ECDSA)
<14>Oct  9 18:20:51 ec2: 256 SHA256:WqlONfUkxOmirnHmlzKBaTLr4DeBn6gprVLreIqKlKg root@ubuntu-xenial (ED25519)
<14>Oct  9 18:20:51 ec2: 2048 SHA256:OhTNT7USxRY7UigZYQ9HdkG6iXJSOr8PkRGkmitGYh0 root@ubuntu-xenial (RSA)
<14>Oct  9 18:20:51 ec2: -----END SSH HOST KEY FINGERPRINTS-----
<14>Oct  9 18:20:51 ec2: #############################################################
-----BEGIN SSH HOST KEY KEYS-----
ecdsa-sha2-nistp256 AAAAE2VjZHNhLXNoYTItbmlzdHAyNTYAAAAIbmlzdHAyNTYAAABBBJ6doJyVIueTrn98w71xoLDAfGeYarHIq2dQHcuswlSTMNGtq1mDWmmqe4FQeoNfIlSfRelo6/wbnLxIJ6gUZEA= root@ubuntu-xenial
ssh-ed25519 AAAAC3NzaC1lZDI1NTE5AAAAIP0LhC8lU99iTr7goji7sqgD/LjR/BRSorXsQMA4IvKD root@ubuntu-xenial
ssh-rsa AAAAB3NzaC1yc2EAAAADAQABAAABAQDR9Arrwk4GvSs44JlVxr29ryYj4UBLLt4M5mRrbj0D0TWWZ5EsCDBK5liMALCJNdSF6nZFqIHqhHfes9Y+SAYvmCJBgowhB3ijlSsq5O/xxr8giyYgptnzkDJKJNGwXS+dbUdqh3NPmfd62qx9EuRtjFTzG6864yeMhqhP5toQNx+LM9xip0QQGp0ETZUtnr0qJI5ileicbfJz1mRCJQnZ0cEXkIa26Wod0UdLF+MvOz2WLvuPF3KklRTsTjV8xhmx3QlgLYbtU+a875wKQeR+aS00kOwX2YyVjp7txgC5n69hJVcyTOcZZnKH62c1TFCy6v19Iv/Zpdb+5ew9XF8p root@ubuntu-xenial
-----END SSH HOST KEY KEYS-----
[   62.654382] cloud-init[1867]: Cloud-init v. 18.3-9-g2e62cb8a-0ubuntu1~16.04.2 running 'modules:final' at Tue, 09 Oct 2018 18:20:50 +0000. Up 62.39 seconds.
[   62.654634] cloud-init[1867]: ci-info: no authorized ssh keys fingerprints found for user ubuntu.
[   62.654781] cloud-init[1867]: Cloud-init v. 18.3-9-g2e62cb8a-0ubuntu1~16.04.2 finished at Tue, 09 Oct 2018 18:20:51 +0000. Datasource DataSourceNoCloud [seed=/dev/sdb][dsmode=net].  Up 62.64 seconds
               Stopping Serial Getty on ttyS0...
         Stopping Getty on tty1...
         Stopping LXD - container startup/shutdown...
         Stopping System Logging Service...
         Stopping D-Bus System Message Bus...
         Stopping Regular background program processing daemon...
         Stopping OpenBSD Secure Shell server...
         Stopping Snappy daemon...
         Stopping Unattended Upgrades Shutdown...
         Stopping Deferred execution scheduler...
         Stopping LSB: Record successful boot for GRUB...
         Stopping LSB: Set the CPU Frequency Scaling governor to "ondemand"...
         Stopping LSB: MD monitoring daemon...
         Stopping LSB: automatic crash report generation...
         Stopping FUSE filesystem for LXC...
         Stopping LSB: daemon to balance interrupts for SMP systems...
         Stopping Accounts Service...
         Stopping Virtualbox guest utils...
         Stopping ACPI event daemon...
[[0;32m  OK  [0m] Unmounted /var/lib/lxcfs.
[[0;32m  OK  [0m] Stopped System Logging Service.
[[0;32m  OK  [0m] Stopped Regular background program processing daemon.
[[0;32m  OK  [0m] Stopped Accounts Service.
[[0;32m  OK  [0m] Stopped Deferred execution scheduler.
[[0;32m  OK  [0m] Stopped Snappy daemon.
[[0;32m  OK  [0m] Stopped Getty on tty1.
[[0;32m  OK  [0m] Stopped Serial Getty on ttyS0.
[[0;32m  OK  [0m] Stopped Authenticate and Authorize Users to Run Privileged Tasks.
[[0;32m  OK  [0m] Stopped OpenBSD Secure Shell server.
[[0;32m  OK  [0m] Stopped User Manager for UID 1000.
[[0;32m  OK  [0m] Stopped ACPI event daemon.
[[0;32m  OK  [0m] Stopped Session 4 of user vagrant.
[[0;32m  OK  [0m] Stopped D-Bus System Message Bus.
[[0;32m  OK  [0m] Stopped FUSE filesystem for LXC.
[[0;32m  OK  [0m] Stopped LXD - container startup/shutdown.
[[0;32m  OK  [0m] Stopped Unattended Upgrades Shutdown.
[[0;32m  OK  [0m] Stopped LSB: Record successful boot for GRUB.
[[0;32m  OK  [0m] Stopped LSB: MD monitoring daemon.
[[0;32m  OK  [0m] Stopped LSB: Set the CPU Frequency Scaling governor to "ondemand".
[[0;32m  OK  [0m] Stopped LSB: daemon to balance interrupts for SMP systems.
[[0;32m  OK  [0m] Stopped LSB: automatic crash report generation.
[[0;32m  OK  [0m] Stopped Virtualbox guest utils.
[[0;32m  OK  [0m] Removed slice User Slice of vagrant.
         Stopping Login Service...
[[0;32m  OK  [0m] Removed slice system-serial\x2dgetty.slice.
         Stopping Permit User Sessions...
[[0;32m  OK  [0m] Removed slice system-getty.slice.
[[0;32m  OK  [0m] Stopped /etc/rc.local Compatibility.
[[0;32m  OK  [0m] Stopped Permit User Sessions.
[[0;32m  OK  [0m] Stopped target Remote File Systems.
[[0;32m  OK  [0m] Stopped target Remote File Systems (Pre).
         Stopping Login to default iSCSI targets...
[[0;32m  OK  [0m] Stopped Login Service.
[[0;32m  OK  [0m] Stopped target User and Group Name Lookups.
[[0;32m  OK  [0m] Stopped target Basic System.
[[0;32m  OK  [0m] Stopped target Sockets.
[[0;32m  OK  [0m] Closed ACPID Listen Socket.
[[0;32m  OK  [0m] Closed Syslog Socket.
[[0;32m  OK  [0m] Closed LXD - unix socket.
[[0;32m  OK  [0m] Closed D-Bus System Message Bus Socket.
[[0;32m  OK  [0m] Closed Socket activation for snappy daemon.
[[0;32m  OK  [0m] Closed UUID daemon activation socket.
[[0;32m  OK  [0m] Stopped target Paths.
[[0;32m  OK  [0m] Stopped ACPI Events Check.
[[0;32m  OK  [0m] Stopped target System Initialization.
[[0;32m  OK  [0m] Stopped target Encrypted Volumes.
[[0;32m  OK  [0m] Stopped target Swap.
[[0;32m  OK  [0m] Stopped Commit a transient machine-id on disk.
         Stopping Load/Save Random Seed...
         Stopping Update UTMP about System Boot/Shutdown...
[[0;32m  OK  [0m] Stopped Forward Password Requests to Wall Directory Watch.
[[0;32m  OK  [0m] Stopped Dispatch Password Requests to Console Directory Watch.
[[0;32m  OK  [0m] Stopped target Slices.
[[0;32m  OK  [0m] Removed slice User and Session Slice.
[[0;32m  OK  [0m] Stopped Load/Save Random Seed.
[[0;32m  OK  [0m] Stopped Update UTMP about System Boot/Shutdown.
[[0;32m  OK  [0m] Stopped Login to default iSCSI targets.
         Stopping iSCSI initiator daemon (iscsid)...
[[0;32m  OK  [0m] Stopped Create Volatile Files and Directories.
[[0;32m  OK  [0m] Stopped iSCSI initiator daemon (iscsid).
[[0;32m  OK  [0m] Stopped target Network is Online.
[[0;32m  OK  [0m] Stopped target Network.
[[0;32m  OK  [0m] Stopped Initial cloud-init job (metadata service crawler).
         Stopping Raise network interfaces...
[[0;32m  OK  [0m] Stopped Raise network interfaces.
[[0;32m  OK  [0m] Stopped Apply Kernel Variables.
[[0;32m  OK  [0m] Stopped target Network (Pre).
[[0;32m  OK  [0m] Stopped Initial cloud-init job (pre-networking).
[[0;32m  OK  [0m] Stopped target Local File Systems.
         Unmounting /vagrant...
         Unmounting /run/user/1000...
[[0;32m  OK  [0m] Stopped Load Kernel Modules.
[[0;32m  OK  [0m] Unmounted /vagrant.
[[0;32m  OK  [0m] Unmounted /run/user/1000.
[[0;32m  OK  [0m] Reached target Unmount All Filesystems.
[[0;32m  OK  [0m] Stopped target Local File Systems (Pre).
         Stopping Monitoring of LVM2 mirrors... dmeventd or progress polling...
[[0;32m  OK  [0m] Stopped Remount Root and Kernel File Systems.
[[0;32m  OK  [0m] Stopped Create Static Device Nodes in /dev.
[[0;32m  OK  [0m] Reached target Shutdown.
[  686.238795] reboot: Power down
